<?xml version="1.0" encoding="UTF-8"?>
<!-- Generated by org.testng.reporters.JUnitReportReporter -->
<testsuite hostname="Jayant" failures="0" tests="1" name="Cucumber.Options.TestRunner" time="52.938" errors="0" timestamp="2021-06-14T23:22:19 IST" skipped="0">
  <testcase classname="Cucumber.Options.TestRunner" name="runScenario" time="52.938"/>
  <system-out/>
</testsuite> <!-- Cucumber.Options.TestRunner -->
